[2026-01-05 14:19:36] INVENTORY POST: {"brand":"Biogesic","genericName":"Paracetamol","category":"Pain Killer","stock":0,"lowStockThreshold":45,"price":1,"supplierId":"SUP20260105101020","contact":"21874545745","manufacturedDate":"2026-01-01","expirationDate":"2026-03-25"}
[2026-01-05 14:26:35] INVENTORY POST: {"brand":"Biogesic","genericName":"Paracetamol","category":"Pain Killer","stock":0,"lowStockThreshold":10,"price":20,"supplierId":"SUP20260105101020","contact":"21874545745","manufacturedDate":"2026-01-03","expirationDate":"2026-03-05"}
[2026-01-05 14:28:43] INVENTORY POST: {"brand":"Biogesic","genericName":"Paracetamol","category":"Pain Killer","stock":0,"lowStockThreshold":100,"price":110,"supplierId":"SUP20260105101020","contact":"21874545745","manufacturedDate":"2025-11-01","expirationDate":"2026-08-14"}
[2026-01-05 14:29:23] INVENTORY POST: {"brand":"Biogesic","genericName":"awa","category":"Pain Killer","stock":0,"lowStockThreshold":20,"price":1,"supplierId":"SUP20260105101020","contact":"21874545745","manufacturedDate":"2026-01-03","expirationDate":"2026-02-04"}
[2026-01-05 14:29:31] INVENTORY POST: {"brand":"Biogesic","genericName":"awa","category":"Pain Killer","stock":0,"lowStockThreshold":20,"price":1,"supplierId":"SUP20260105101020","contact":"21874545745","manufacturedDate":"2026-01-03","expirationDate":"2026-04-03"}
[2026-01-05 14:40:39] INVENTORY POST: {"brand":"Biogesic","genericName":"awa","category":"Pain Killer","stock":0,"lowStockThreshold":20,"price":1,"supplierId":"SUP20260105101020","contact":"21874545745","manufacturedDate":"2026-01-03","expirationDate":"2026-02-04"}
[2026-01-05 14:41:51] INVENTORY POST: {"brand":"Biogesic","genericName":"awa","category":"Pain Killer","stock":0,"lowStockThreshold":10,"price":1,"supplierId":"SUP20260105101020","contact":"21874545745","manufacturedDate":"2026-01-03","expirationDate":"2026-02-04"}
[2026-01-05 14:45:47] INVENTORY POST: {"brand":"Biogesic","genericName":"Paracetamol","category":"Pain Killer","stock":0,"lowStockThreshold":50,"price":100,"supplierId":"SUP20260105144589","contact":"21874545745","manufacturedDate":"2026-01-01","expirationDate":"2026-04-10"}
[2026-01-05 14:48:33] INVENTORY POST: {"brand":"Biogesic","genericName":"awa","category":"Pain Killer","stock":0,"lowStockThreshold":10,"price":1,"supplierId":"SUP20260105144589","contact":"21874545745","manufacturedDate":"2026-01-03","expirationDate":"2026-02-04"}
[2026-01-05 14:48:33] DEBUG: About to insert with supplierId=SUP20260105144589, params=["Prod202601050002","Biogesic","awa","Pain Killer","2026-01-03","2026-02-04",0,"20260001",1,"SUP20260105144589","21874545745",0]
[2026-01-05 14:48:40] INVENTORY POST: {"brand":"Biogesic","genericName":"awa","category":"Pain Killer","stock":0,"lowStockThreshold":10,"price":1,"supplierId":"SUP20260105144589","contact":"21874545745","manufacturedDate":"2026-01-03","expirationDate":"2026-03-27"}
[2026-01-05 14:48:40] DEBUG: About to insert with supplierId=SUP20260105144589, params=["Prod202601050003","Biogesic","awa","Pain Killer","2026-01-03","2026-03-27",0,"20260002",1,"SUP20260105144589","21874545745",0]
[2026-01-05 14:48:40] POST-INSERT ROW: [{"productId":"Prod202601050003","brand":"Biogesic","genericName":"awa","category":"Pain Killer","manufacturedDate":"2026-01-03","expirationDate":"2026-03-27","stock":0,"batchNo":"20260002","price":"1.00","supplierId":"0","contact":"21874545745","requiresPrescription":0,"lowStockThreshold":0,"isActive":1,"createdAt":"2026-01-05 14:48:40","updatedAt":"2026-01-05 14:48:40"}]
[2026-01-05 15:03:31] INVENTORY POST: {"brand":"Biogesic","genericName":"awa","category":"Pain Killer","stock":0,"lowStockThreshold":10,"price":1,"supplierId":"SUP20260105144589","contact":"21874545745","manufacturedDate":"2026-01-03","expirationDate":"2026-02-04"}
[2026-01-05 15:03:31] DEBUG: About to insert with supplierId=SUP20260105144589, params=["Prod202601050004","Biogesic","awa","Pain Killer","2026-01-03","2026-02-04",0,"20260003",1,"SUP20260105144589","21874545745",0]
[2026-01-05 15:03:31] POST-INSERT ROW: [{"productId":"Prod202601050004","brand":"Biogesic","genericName":"awa","category":"Pain Killer","manufacturedDate":"2026-01-03","expirationDate":"2026-02-04","stock":0,"batchNo":"20260003","price":"1.00","supplierId":"SUP20260105144589","contact":"21874545745","requiresPrescription":0,"lowStockThreshold":0,"isActive":1,"createdAt":"2026-01-05 15:03:31","updatedAt":"2026-01-05 15:03:31"}]
[2026-01-05 15:04:01] INVENTORY POST: {"brand":"Biogesic","genericName":"Paracetamol","category":"Pain Killer","stock":0,"lowStockThreshold":20,"price":10,"supplierId":"SUP20260105144589","contact":"21874545745","manufacturedDate":"2026-01-02","expirationDate":"2026-03-26"}
[2026-01-05 15:04:01] DEBUG: About to insert with supplierId=SUP20260105144589, params=["Prod202601050005","Biogesic","Paracetamol","Pain Killer","2026-01-02","2026-03-26",0,"20260002",10,"SUP20260105144589","21874545745",0]
[2026-01-05 15:04:08] INVENTORY POST: {"brand":"Biogesic","genericName":"Paracetamol","category":"Pain Killer","stock":0,"lowStockThreshold":20,"price":10,"supplierId":"SUP20260105144589","contact":"21874545745","manufacturedDate":"2026-01-02","expirationDate":"2026-04-22"}
[2026-01-05 15:04:08] DEBUG: About to insert with supplierId=SUP20260105144589, params=["Prod202601050006","Biogesic","Paracetamol","Pain Killer","2026-01-02","2026-04-22",0,"20260003",10,"SUP20260105144589","21874545745",0]
[2026-01-05 15:04:20] INVENTORY POST: {"brand":"Biogesic","genericName":"Paracetamol","category":"Pain Killer","stock":0,"lowStockThreshold":20,"price":10,"supplierId":"SUP20260105144589","contact":"21874545745","manufacturedDate":"2026-01-02","expirationDate":"2026-04-22"}
[2026-01-05 15:04:20] DEBUG: About to insert with supplierId=SUP20260105144589, params=["Prod202601050007","Biogesic","Paracetamol","Pain Killer","2026-01-02","2026-04-22",0,"20260004",10,"SUP20260105144589","21874545745",0]
[2026-01-05 15:04:20] POST-INSERT ROW: [{"productId":"Prod202601050007","brand":"Biogesic","genericName":"Paracetamol","category":"Pain Killer","manufacturedDate":"2026-01-02","expirationDate":"2026-04-22","stock":0,"batchNo":"20260004","price":"10.00","supplierId":"SUP20260105144589","contact":"21874545745","requiresPrescription":0,"lowStockThreshold":0,"isActive":1,"createdAt":"2026-01-05 15:04:20","updatedAt":"2026-01-05 15:04:20"}]
[2026-01-09 15:42:17] INVENTORY POST: {"brand":"Biogesic","genericName":"Paracetamol","category":"Pain Killer","stock":0,"lowStockThreshold":30,"price":10,"supplierId":"SUP20260105144589","contact":"21874545745","manufacturedDate":"2026-01-03","expirationDate":"2026-04-23"}
[2026-01-09 15:42:17] DEBUG: About to insert with supplierId=SUP20260105144589, params=["Prod202601090001","Biogesic","Paracetamol","Pain Killer","2026-01-03","2026-04-23",0,"20260001",10,"SUP20260105144589","21874545745",0]
